[debug] [2025-08-25T18:07:02.881Z] ----------------------------------------------------------------------
[debug] [2025-08-25T18:07:02.896Z] Command:       F:\dont delete\node\node.exe C:\Users\cedri\AppData\Roaming\npm\node_modules\firebase-tools\lib\bin\firebase.js init
[debug] [2025-08-25T18:07:02.899Z] CLI Version:   14.14.0
[debug] [2025-08-25T18:07:02.900Z] Platform:      win32
[debug] [2025-08-25T18:07:02.900Z] Node Version:  v22.18.0
[debug] [2025-08-25T18:07:02.902Z] Time:          Mon Aug 25 2025 20:07:02 GMT+0200 (South Africa Standard Time)
[debug] [2025-08-25T18:07:02.903Z] ----------------------------------------------------------------------
[debug] 
[debug] [2025-08-25T18:07:02.966Z] > command requires scopes: ["email","openid","https://www.googleapis.com/auth/cloudplatformprojects.readonly","https://www.googleapis.com/auth/firebase","https://www.googleapis.com/auth/cloud-platform"]
[debug] [2025-08-25T18:07:02.968Z] > authorizing via signed-in user (cedric0071717@gmail.com)
[info] 
     ######## #### ########  ######## ########     ###     ######  ########
     ##        ##  ##     ## ##       ##     ##  ##   ##  ##       ##
     ######    ##  ########  ######   ########  #########  ######  ######
     ##        ##  ##    ##  ##       ##     ## ##     ##       ## ##
     ##       #### ##     ## ######## ########  ##     ##  ######  ########

You're about to initialize a Firebase project in this directory:

  C:\Users\cedri\Downloads\app

[info] 
=== Project Setup
[info] 
[info] First, let's associate this project directory with a Firebase project.
[info] You can create multiple project aliases by running firebase use --add, 
[info] but for now we'll just set up a default project.
[info] 
[debug] [2025-08-25T18:09:13.527Z] Using project from CLI flag: emerald-finance-i9k8q
[debug] [2025-08-25T18:09:13.533Z] Checked if tokens are valid: false, expires at: 1756086509448
[debug] [2025-08-25T18:09:13.534Z] Checked if tokens are valid: false, expires at: 1756086509448
[debug] [2025-08-25T18:09:13.536Z] > refreshing access token with scopes: []
[debug] [2025-08-25T18:09:13.546Z] >>> [apiv2][query] POST https://www.googleapis.com/oauth2/v3/token [none]
[debug] [2025-08-25T18:09:13.547Z] >>> [apiv2][body] POST https://www.googleapis.com/oauth2/v3/token [omitted]
[debug] [2025-08-25T18:09:21.637Z] <<< [apiv2][status] POST https://www.googleapis.com/oauth2/v3/token 200
[debug] [2025-08-25T18:09:21.638Z] <<< [apiv2][body] POST https://www.googleapis.com/oauth2/v3/token [omitted]
[debug] [2025-08-25T18:09:21.729Z] >>> [apiv2][query] GET https://firebase.googleapis.com/v1beta1/projects/emerald-finance-i9k8q [none]
[debug] [2025-08-25T18:09:22.572Z] <<< [apiv2][status] GET https://firebase.googleapis.com/v1beta1/projects/emerald-finance-i9k8q 200
[debug] [2025-08-25T18:09:22.573Z] <<< [apiv2][body] GET https://firebase.googleapis.com/v1beta1/projects/emerald-finance-i9k8q {"projectId":"emerald-finance-i9k8q","projectNumber":"98300388322","displayName":"Emerald Finance","name":"projects/emerald-finance-i9k8q","resources":{"hostingSite":"emerald-finance-i9k8q"},"state":"ACTIVE","etag":"1_53e79e3a-4d0a-4ed8-9e17-1a37ed91766f"}
[info] i  Using project emerald-finance-i9k8q (Emerald Finance) 
[info] 
=== Firestore Setup
[info] i  firestore: ensuring required API firestore.googleapis.com is enabled... 
[debug] [2025-08-25T18:09:23.574Z] Checked if tokens are valid: true, expires at: 1756148959639
[debug] [2025-08-25T18:09:23.575Z] Checked if tokens are valid: true, expires at: 1756148959639
[debug] [2025-08-25T18:09:23.575Z] >>> [apiv2][query] GET https://serviceusage.googleapis.com/v1/projects/emerald-finance-i9k8q/services/firestore.googleapis.com [none]
[debug] [2025-08-25T18:09:23.576Z] >>> [apiv2][(partial)header] GET https://serviceusage.googleapis.com/v1/projects/emerald-finance-i9k8q/services/firestore.googleapis.com x-goog-quota-user=projects/emerald-finance-i9k8q
[debug] [2025-08-25T18:09:26.182Z] <<< [apiv2][status] GET https://serviceusage.googleapis.com/v1/projects/emerald-finance-i9k8q/services/firestore.googleapis.com 200
[debug] [2025-08-25T18:09:26.182Z] <<< [apiv2][body] GET https://serviceusage.googleapis.com/v1/projects/emerald-finance-i9k8q/services/firestore.googleapis.com [omitted]
[warn] !  firestore: missing required API firestore.googleapis.com. Enabling now... 
[debug] [2025-08-25T18:09:26.186Z] Checked if tokens are valid: true, expires at: 1756148959639
[debug] [2025-08-25T18:09:26.186Z] Checked if tokens are valid: true, expires at: 1756148959639
[debug] [2025-08-25T18:09:26.187Z] >>> [apiv2][query] POST https://serviceusage.googleapis.com/v1/projects/emerald-finance-i9k8q/services/firestore.googleapis.com:enable [none]
[debug] [2025-08-25T18:09:26.187Z] >>> [apiv2][(partial)header] POST https://serviceusage.googleapis.com/v1/projects/emerald-finance-i9k8q/services/firestore.googleapis.com:enable x-goog-quota-user=projects/emerald-finance-i9k8q
[debug] [2025-08-25T18:09:27.154Z] <<< [apiv2][status] POST https://serviceusage.googleapis.com/v1/projects/emerald-finance-i9k8q/services/firestore.googleapis.com:enable 200
[debug] [2025-08-25T18:09:27.154Z] <<< [apiv2][body] POST https://serviceusage.googleapis.com/v1/projects/emerald-finance-i9k8q/services/firestore.googleapis.com:enable [omitted]
[debug] [2025-08-25T18:09:37.183Z] Checked if tokens are valid: true, expires at: 1756148959639
[debug] [2025-08-25T18:09:37.183Z] Checked if tokens are valid: true, expires at: 1756148959639
[debug] [2025-08-25T18:09:37.186Z] >>> [apiv2][query] GET https://firestore.googleapis.com/v1/projects/emerald-finance-i9k8q/databases [none]
[debug] [2025-08-25T18:09:38.197Z] <<< [apiv2][status] GET https://firestore.googleapis.com/v1/projects/emerald-finance-i9k8q/databases 200
[debug] [2025-08-25T18:09:38.197Z] <<< [apiv2][body] GET https://firestore.googleapis.com/v1/projects/emerald-finance-i9k8q/databases {}
[debug] [2025-08-25T18:09:38.198Z] Checked if tokens are valid: true, expires at: 1756148959639
[debug] [2025-08-25T18:09:38.199Z] Checked if tokens are valid: true, expires at: 1756148959639
[debug] [2025-08-25T18:09:38.199Z] >>> [apiv2][query] GET https://firestore.googleapis.com/v1/projects/emerald-finance-i9k8q/locations [none]
[debug] [2025-08-25T18:09:38.443Z] <<< [apiv2][status] GET https://firestore.googleapis.com/v1/projects/emerald-finance-i9k8q/locations 200
[debug] [2025-08-25T18:09:38.444Z] <<< [apiv2][body] GET https://firestore.googleapis.com/v1/projects/emerald-finance-i9k8q/locations {"locations":[{"name":"projects/emerald-finance-i9k8q/locations/eur3","labels":{"appengine.googleapis.com/geo":"europe-west","cloud.googleapis.com/location":"eur3","cloud.googleapis.com/geo":"eur3"},"metadata":{"@type":"type.googleapis.com/google.firestore.admin.v1.LocationMetadata"},"locationId":"eur3","displayName":"Europe"},{"name":"projects/emerald-finance-i9k8q/locations/nam5","labels":{"appengine.googleapis.com/geo":"us-central","cloud.googleapis.com/location":"nam5","cloud.googleapis.com/geo":"nam5"},"metadata":{"@type":"type.googleapis.com/google.firestore.admin.v1.LocationMetadata"},"locationId":"nam5","displayName":"United States"},{"name":"projects/emerald-finance-i9k8q/locations/nam7","labels":{"cloud.googleapis.com/location":"nam7","cloud.googleapis.com/geo":"nam7"},"metadata":{"@type":"type.googleapis.com/google.firestore.admin.v1.LocationMetadata"},"locationId":"nam7","displayName":"United States"},{"name":"projects/emerald-finance-i9k8q/locations/africa-south1","labels":{"cloud.googleapis.com/location":"africa-south1","cloud.googleapis.com/region":"africa-south1"},"metadata":{"@type":"type.googleapis.com/google.firestore.admin.v1.LocationMetadata"},"locationId":"africa-south1","displayName":"Johannesburg"},{"name":"projects/emerald-finance-i9k8q/locations/asia-east1","labels":{"appengine.googleapis.com/region":"asia-east1","cloud.googleapis.com/location":"asia-east1","cloud.googleapis.com/region":"asia-east1"},"metadata":{"@type":"type.googleapis.com/google.firestore.admin.v1.LocationMetadata"},"locationId":"asia-east1","displayName":"Taiwan"},{"name":"projects/emerald-finance-i9k8q/locations/asia-east2","labels":{"appengine.googleapis.com/region":"asia-east2","cloud.googleapis.com/location":"asia-east2","cloud.googleapis.com/region":"asia-east2"},"metadata":{"@type":"type.googleapis.com/google.firestore.admin.v1.LocationMetadata"},"locationId":"asia-east2","displayName":"Hong Kong"},{"name":"projects/emerald-finance-i9k8q/locations/asia-northeast1","labels":{"appengine.googleapis.com/region":"asia-northeast1","cloud.googleapis.com/location":"asia-northeast1","cloud.googleapis.com/region":"asia-northeast1"},"metadata":{"@type":"type.googleapis.com/google.firestore.admin.v1.LocationMetadata"},"locationId":"asia-northeast1","displayName":"Tokyo"},{"name":"projects/emerald-finance-i9k8q/locations/asia-northeast2","labels":{"appengine.googleapis.com/region":"asia-northeast2","cloud.googleapis.com/location":"asia-northeast2","cloud.googleapis.com/region":"asia-northeast2"},"metadata":{"@type":"type.googleapis.com/google.firestore.admin.v1.LocationMetadata"},"locationId":"asia-northeast2","displayName":"Osaka"},{"name":"projects/emerald-finance-i9k8q/locations/asia-northeast3","labels":{"appengine.googleapis.com/region":"asia-northeast3","cloud.googleapis.com/location":"asia-northeast3","cloud.googleapis.com/region":"asia-northeast3"},"metadata":{"@type":"type.googleapis.com/google.firestore.admin.v1.LocationMetadata"},"locationId":"asia-northeast3","displayName":"Seoul"},{"name":"projects/emerald-finance-i9k8q/locations/asia-south1","labels":{"appengine.googleapis.com/region":"asia-south1","cloud.googleapis.com/location":"asia-south1","cloud.googleapis.com/region":"asia-south1"},"metadata":{"@type":"type.googleapis.com/google.firestore.admin.v1.LocationMetadata"},"locationId":"asia-south1","displayName":"Mumbai"},{"name":"projects/emerald-finance-i9k8q/locations/asia-south2","labels":{"cloud.googleapis.com/location":"asia-south2","cloud.googleapis.com/region":"asia-south2"},"metadata":{"@type":"type.googleapis.com/google.firestore.admin.v1.LocationMetadata"},"locationId":"asia-south2","displayName":"Delhi"},{"name":"projects/emerald-finance-i9k8q/locations/asia-southeast1","labels":{"appengine.googleapis.com/region":"asia-southeast1","cloud.googleapis.com/location":"asia-southeast1","cloud.googleapis.com/region":"asia-southeast1"},"metadata":{"@type":"type.googleapis.com/google.firestore.admin.v1.LocationMetadata"},"locationId":"asia-southeast1","displayName":"Singapore"},{"name":"projects/emerald-finance-i9k8q/locations/asia-southeast2","labels":{"appengine.googleapis.com/region":"asia-southeast2","cloud.googleapis.com/location":"asia-southeast2","cloud.googleapis.com/region":"asia-southeast2"},"metadata":{"@type":"type.googleapis.com/google.firestore.admin.v1.LocationMetadata"},"locationId":"asia-southeast2","displayName":"Jakarta"},{"name":"projects/emerald-finance-i9k8q/locations/australia-southeast1","labels":{"appengine.googleapis.com/region":"australia-southeast1","cloud.googleapis.com/location":"australia-southeast1","cloud.googleapis.com/region":"australia-southeast1"},"metadata":{"@type":"type.googleapis.com/google.firestore.admin.v1.LocationMetadata"},"locationId":"australia-southeast1","displayName":"Sydney"},{"name":"projects/emerald-finance-i9k8q/locations/australia-southeast2","labels":{"cloud.googleapis.com/location":"australia-southeast2","cloud.googleapis.com/region":"australia-southeast2"},"metadata":{"@type":"type.googleapis.com/google.firestore.admin.v1.LocationMetadata"},"locationId":"australia-southeast2","displayName":"Melbourne"},{"name":"projects/emerald-finance-i9k8q/locations/europe-central2","labels":{"appengine.googleapis.com/region":"europe-central2","cloud.googleapis.com/location":"europe-central2","cloud.googleapis.com/region":"europe-central2"},"metadata":{"@type":"type.googleapis.com/google.firestore.admin.v1.LocationMetadata"},"locationId":"europe-central2","displayName":"Warsaw"},{"name":"projects/emerald-finance-i9k8q/locations/europe-north1","labels":{"cloud.googleapis.com/location":"europe-north1","cloud.googleapis.com/region":"europe-north1"},"metadata":{"@type":"type.googleapis.com/google.firestore.admin.v1.LocationMetadata"},"locationId":"europe-north1","displayName":"Finland"},{"name":"projects/emerald-finance-i9k8q/locations/europe-north2","labels":{"cloud.googleapis.com/location":"europe-north2","cloud.googleapis.com/region":"europe-north2"},"metadata":{"@type":"type.googleapis.com/google.firestore.admin.v1.LocationMetadata"},"locationId":"europe-north2","displayName":"Stockholm"},{"name":"projects/emerald-finance-i9k8q/locations/europe-southwest1","labels":{"cloud.googleapis.com/location":"europe-southwest1","cloud.googleapis.com/region":"europe-southwest1"},"metadata":{"@type":"type.googleapis.com/google.firestore.admin.v1.LocationMetadata"},"locationId":"europe-southwest1","displayName":"Madrid"},{"name":"projects/emerald-finance-i9k8q/locations/europe-west1","labels":{"cloud.googleapis.com/location":"europe-west1","cloud.googleapis.com/region":"europe-west1"},"metadata":{"@type":"type.googleapis.com/google.firestore.admin.v1.LocationMetadata"},"locationId":"europe-west1","displayName":"Belgium"},{"name":"projects/emerald-finance-i9k8q/locations/europe-west10","labels":{"cloud.googleapis.com/location":"europe-west10","cloud.googleapis.com/region":"europe-west10"},"metadata":{"@type":"type.googleapis.com/google.firestore.admin.v1.LocationMetadata"},"locationId":"europe-west10","displayName":"Berlin"},{"name":"projects/emerald-finance-i9k8q/locations/europe-west12","labels":{"cloud.googleapis.com/location":"europe-west12","cloud.googleapis.com/region":"europe-west12"},"metadata":{"@type":"type.googleapis.com/google.firestore.admin.v1.LocationMetadata"},"locationId":"europe-west12","displayName":"Turin"},{"name":"projects/emerald-finance-i9k8q/locations/europe-west2","labels":{"appengine.googleapis.com/region":"europe-west2","cloud.googleapis.com/location":"europe-west2","cloud.googleapis.com/region":"europe-west2"},"metadata":{"@type":"type.googleapis.com/google.firestore.admin.v1.LocationMetadata"},"locationId":"europe-west2","displayName":"London"},{"name":"projects/emerald-finance-i9k8q/locations/europe-west3","labels":{"appengine.googleapis.com/region":"europe-west3","cloud.googleapis.com/location":"europe-west3","cloud.googleapis.com/region":"europe-west3"},"metadata":{"@type":"type.googleapis.com/google.firestore.admin.v1.LocationMetadata"},"locationId":"europe-west3","displayName":"Frankfurt"},{"name":"projects/emerald-finance-i9k8q/locations/europe-west4","labels":{"cloud.googleapis.com/location":"europe-west4","cloud.googleapis.com/region":"europe-west4"},"metadata":{"@type":"type.googleapis.com/google.firestore.admin.v1.LocationMetadata"},"locationId":"europe-west4","displayName":"Netherlands"},{"name":"projects/emerald-finance-i9k8q/locations/europe-west6","labels":{"appengine.googleapis.com/region":"europe-west6","cloud.googleapis.com/location":"europe-west6","cloud.googleapis.com/region":"europe-west6"},"metadata":{"@type":"type.googleapis.com/google.firestore.admin.v1.LocationMetadata"},"locationId":"europe-west6","displayName":"Zurich"},{"name":"projects/emerald-finance-i9k8q/locations/europe-west8","labels":{"cloud.googleapis.com/location":"europe-west8","cloud.googleapis.com/region":"europe-west8"},"metadata":{"@type":"type.googleapis.com/google.firestore.admin.v1.LocationMetadata"},"locationId":"europe-west8","displayName":"Milan"},{"name":"projects/emerald-finance-i9k8q/locations/europe-west9","labels":{"cloud.googleapis.com/location":"europe-west9","cloud.googleapis.com/region":"europe-west9"},"metadata":{"@type":"type.googleapis.com/google.firestore.admin.v1.LocationMetadata"},"locationId":"europe-west9","displayName":"Paris"},{"name":"projects/emerald-finance-i9k8q/locations/me-central1","labels":{"cloud.googleapis.com/location":"me-central1","cloud.googleapis.com/region":"me-central1"},"metadata":{"@type":"type.googleapis.com/google.firestore.admin.v1.LocationMetadata"},"locationId":"me-central1","displayName":"Doha"},{"name":"projects/emerald-finance-i9k8q/locations/me-central2","labels":{"cloud.googleapis.com/location":"me-central2","cloud.googleapis.com/region":"me-central2"},"metadata":{"@type":"type.googleapis.com/google.firestore.admin.v1.LocationMetadata"},"locationId":"me-central2","displayName":"Dammam"},{"name":"projects/emerald-finance-i9k8q/locations/me-west1","labels":{"cloud.googleapis.com/location":"me-west1","cloud.googleapis.com/region":"me-west1"},"metadata":{"@type":"type.googleapis.com/google.firestore.admin.v1.LocationMetadata"},"locationId":"me-west1","displayName":"Tel Aviv"},{"name":"projects/emerald-finance-i9k8q/locations/northamerica-northeast1","labels":{"appengine.googleapis.com/region":"northamerica-northeast1","cloud.googleapis.com/location":"northamerica-northeast1","cloud.googleapis.com/region":"northamerica-northeast1"},"metadata":{"@type":"type.googleapis.com/google.firestore.admin.v1.LocationMetadata"},"locationId":"northamerica-northeast1","displayName":"Montréal"},{"name":"projects/emerald-finance-i9k8q/locations/northamerica-northeast2","labels":{"cloud.googleapis.com/location":"northamerica-northeast2","cloud.googleapis.com/region":"northamerica-northeast2"},"metadata":{"@type":"type.googleapis.com/google.firestore.admin.v1.LocationMetadata"},"locationId":"northamerica-northeast2","displayName":"Toronto"},{"name":"projects/emerald-finance-i9k8q/locations/northamerica-south1","labels":{"cloud.googleapis.com/location":"northamerica-south1","cloud.googleapis.com/region":"northamerica-south1"},"metadata":{"@type":"type.googleapis.com/google.firestore.admin.v1.LocationMetadata"},"locationId":"northamerica-south1","displayName":"Mexico"},{"name":"projects/emerald-finance-i9k8q/locations/southamerica-east1","labels":{"appengine.googleapis.com/region":"southamerica-east1","cloud.googleapis.com/location":"southamerica-east1","cloud.googleapis.com/region":"southamerica-east1"},"metadata":{"@type":"type.googleapis.com/google.firestore.admin.v1.LocationMetadata"},"locationId":"southamerica-east1","displayName":"São Paulo"},{"name":"projects/emerald-finance-i9k8q/locations/southamerica-west1","labels":{"cloud.googleapis.com/location":"southamerica-west1","cloud.googleapis.com/region":"southamerica-west1"},"metadata":{"@type":"type.googleapis.com/google.firestore.admin.v1.LocationMetadata"},"locationId":"southamerica-west1","displayName":"Santiago"},{"name":"projects/emerald-finance-i9k8q/locations/us-central1","labels":{"cloud.googleapis.com/location":"us-central1","cloud.googleapis.com/region":"us-central1"},"metadata":{"@type":"type.googleapis.com/google.firestore.admin.v1.LocationMetadata"},"locationId":"us-central1","displayName":"Iowa"},{"name":"projects/emerald-finance-i9k8q/locations/us-east1","labels":{"appengine.googleapis.com/region":"us-east1","cloud.googleapis.com/location":"us-east1","cloud.googleapis.com/region":"us-east1"},"metadata":{"@type":"type.googleapis.com/google.firestore.admin.v1.LocationMetadata"},"locationId":"us-east1","displayName":"South Carolina"},{"name":"projects/emerald-finance-i9k8q/locations/us-east4","labels":{"appengine.googleapis.com/region":"us-east4","cloud.googleapis.com/location":"us-east4","cloud.googleapis.com/region":"us-east4"},"metadata":{"@type":"type.googleapis.com/google.firestore.admin.v1.LocationMetadata"},"locationId":"us-east4","displayName":"Northern Virginia"},{"name":"projects/emerald-finance-i9k8q/locations/us-east5","labels":{"cloud.googleapis.com/location":"us-east5","cloud.googleapis.com/region":"us-east5"},"metadata":{"@type":"type.googleapis.com/google.firestore.admin.v1.LocationMetadata"},"locationId":"us-east5","displayName":"Columbus"},{"name":"projects/emerald-finance-i9k8q/locations/us-south1","labels":{"cloud.googleapis.com/location":"us-south1","cloud.googleapis.com/region":"us-south1"},"metadata":{"@type":"type.googleapis.com/google.firestore.admin.v1.LocationMetadata"},"locationId":"us-south1","displayName":"Dallas"},{"name":"projects/emerald-finance-i9k8q/locations/us-west1","labels":{"appengine.googleapis.com/region":"us-west1","cloud.googleapis.com/location":"us-west1","cloud.googleapis.com/region":"us-west1"},"metadata":{"@type":"type.googleapis.com/google.firestore.admin.v1.LocationMetadata"},"locationId":"us-west1","displayName":"Oregon"},{"name":"projects/emerald-finance-i9k8q/locations/us-west2","labels":{"appengine.googleapis.com/region":"us-west2","cloud.googleapis.com/location":"us-west2","cloud.googleapis.com/region":"us-west2"},"metadata":{"@type":"type.googleapis.com/google.firestore.admin.v1.LocationMetadata"},"locationId":"us-west2","displayName":"Los Angeles"},{"name":"projects/emerald-finance-i9k8q/locations/us-west3","labels":{"appengine.googleapis.com/region":"us-west3","cloud.googleapis.com/location":"us-west3","cloud.googleapis.com/region":"us-west3"},"metadata":{"@type":"type.googleapis.com/google.firestore.admin.v1.LocationMetadata"},"locationId":"us-west3","displayName":"Salt Lake City"},{"name":"projects/emerald-finance-i9k8q/locations/us-west4","labels":{"appengine.googleapis.com/region":"us-west4","cloud.googleapis.com/location":"us-west4","cloud.googleapis.com/region":"us-west4"},"metadata":{"@type":"type.googleapis.com/google.firestore.admin.v1.LocationMetadata"},"locationId":"us-west4","displayName":"Las Vegas"},{"name":"projects/emerald-finance-i9k8q/locations/us-west8","labels":{"cloud.googleapis.com/location":"us-west8","cloud.googleapis.com/region":"us-west8"},"metadata":{"@type":"type.googleapis.com/google.firestore.admin.v1.LocationMetadata"},"locationId":"us-west8","displayName":"Phoenix"}]}
[info] 
[info] Firestore Security Rules allow you to define how and when to allow
[info] requests. You can keep these rules in your project directory
[info] and publish them with firebase deploy.
[info] 
[debug] [2025-08-25T18:10:16.294Z] Checked if tokens are valid: true, expires at: 1756148959639
[debug] [2025-08-25T18:10:16.296Z] Checked if tokens are valid: true, expires at: 1756148959639
[debug] [2025-08-25T18:10:16.297Z] >>> [apiv2][query] GET https://firebaserules.googleapis.com/v1/projects/emerald-finance-i9k8q/releases pageSize=10&pageToken=
[debug] [2025-08-25T18:10:20.615Z] <<< [apiv2][status] GET https://firebaserules.googleapis.com/v1/projects/emerald-finance-i9k8q/releases 200
[debug] [2025-08-25T18:10:20.615Z] <<< [apiv2][body] GET https://firebaserules.googleapis.com/v1/projects/emerald-finance-i9k8q/releases {}
[info] 
[info] Firestore indexes allow you to perform complex queries while
[info] maintaining performance that scales with the size of the result
[info] set. You can keep index definitions in your project directory
[info] and publish them with firebase deploy.
[info] 
[debug] [2025-08-25T18:10:26.323Z] Checked if tokens are valid: true, expires at: 1756148959639
[debug] [2025-08-25T18:10:26.324Z] Checked if tokens are valid: true, expires at: 1756148959639
[debug] [2025-08-25T18:10:26.325Z] Checked if tokens are valid: true, expires at: 1756148959639
[debug] [2025-08-25T18:10:26.325Z] Checked if tokens are valid: true, expires at: 1756148959639
[debug] [2025-08-25T18:10:26.326Z] >>> [apiv2][query] GET https://firestore.googleapis.com/v1/projects/emerald-finance-i9k8q/databases/(default)/collectionGroups/-/indexes [none]
[debug] [2025-08-25T18:10:26.336Z] >>> [apiv2][query] GET https://firestore.googleapis.com/v1/projects/emerald-finance-i9k8q/databases/(default)/collectionGroups/-/fields?filter=indexConfig.usesAncestorConfig=false OR ttlConfig:* [none]
[debug] [2025-08-25T18:10:26.653Z] <<< [apiv2][status] GET https://firestore.googleapis.com/v1/projects/emerald-finance-i9k8q/databases/(default)/collectionGroups/-/fields?filter=indexConfig.usesAncestorConfig=false OR ttlConfig:* 404
[debug] [2025-08-25T18:10:26.653Z] <<< [apiv2][body] GET https://firestore.googleapis.com/v1/projects/emerald-finance-i9k8q/databases/(default)/collectionGroups/-/fields?filter=indexConfig.usesAncestorConfig=false OR ttlConfig:* {"error":{"code":404,"message":"Project 'emerald-finance-i9k8q' or database '(default)' does not exist.","status":"NOT_FOUND"}}
[info] +  Wrote firestore.rules 
[info] +  Wrote firestore.indexes.json 
[debug] [2025-08-25T18:10:26.692Z] <<< [apiv2][status] GET https://firestore.googleapis.com/v1/projects/emerald-finance-i9k8q/databases/(default)/collectionGroups/-/indexes 404
[debug] [2025-08-25T18:10:26.693Z] <<< [apiv2][body] GET https://firestore.googleapis.com/v1/projects/emerald-finance-i9k8q/databases/(default)/collectionGroups/-/indexes {"error":{"code":404,"message":"Project 'emerald-finance-i9k8q' or database '(default)' does not exist.","status":"NOT_FOUND"}}
[info] 
=== Functions Setup
[debug] [2025-08-25T18:10:27.120Z] > command requires scopes: ["email","openid","https://www.googleapis.com/auth/cloudplatformprojects.readonly","https://www.googleapis.com/auth/firebase","https://www.googleapis.com/auth/cloud-platform"]
[debug] [2025-08-25T18:10:27.121Z] > authorizing via signed-in user (cedric0071717@gmail.com)
[debug] [2025-08-25T18:10:27.121Z] [iam] checking project emerald-finance-i9k8q for permissions ["firebase.projects.get"]
[debug] [2025-08-25T18:10:27.122Z] Checked if tokens are valid: true, expires at: 1756148959639
[debug] [2025-08-25T18:10:27.123Z] Checked if tokens are valid: true, expires at: 1756148959639
[debug] [2025-08-25T18:10:27.124Z] >>> [apiv2][query] POST https://cloudresourcemanager.googleapis.com/v1/projects/emerald-finance-i9k8q:testIamPermissions [none]
[debug] [2025-08-25T18:10:27.124Z] >>> [apiv2][(partial)header] POST https://cloudresourcemanager.googleapis.com/v1/projects/emerald-finance-i9k8q:testIamPermissions x-goog-quota-user=projects/emerald-finance-i9k8q
[debug] [2025-08-25T18:10:27.124Z] >>> [apiv2][body] POST https://cloudresourcemanager.googleapis.com/v1/projects/emerald-finance-i9k8q:testIamPermissions {"permissions":["firebase.projects.get"]}
[debug] [2025-08-25T18:10:28.879Z] <<< [apiv2][status] POST https://cloudresourcemanager.googleapis.com/v1/projects/emerald-finance-i9k8q:testIamPermissions 200
[debug] [2025-08-25T18:10:28.880Z] <<< [apiv2][body] POST https://cloudresourcemanager.googleapis.com/v1/projects/emerald-finance-i9k8q:testIamPermissions {"permissions":["firebase.projects.get"]}
[debug] [2025-08-25T18:10:28.881Z] Checked if tokens are valid: true, expires at: 1756148959639
[debug] [2025-08-25T18:10:28.882Z] Checked if tokens are valid: true, expires at: 1756148959639
[debug] [2025-08-25T18:10:28.883Z] Checked if tokens are valid: true, expires at: 1756148959639
[debug] [2025-08-25T18:10:28.883Z] Checked if tokens are valid: true, expires at: 1756148959639
[debug] [2025-08-25T18:10:28.884Z] >>> [apiv2][query] GET https://serviceusage.googleapis.com/v1/projects/emerald-finance-i9k8q/services/cloudfunctions.googleapis.com [none]
[debug] [2025-08-25T18:10:28.884Z] >>> [apiv2][(partial)header] GET https://serviceusage.googleapis.com/v1/projects/emerald-finance-i9k8q/services/cloudfunctions.googleapis.com x-goog-quota-user=projects/emerald-finance-i9k8q
[debug] [2025-08-25T18:10:28.891Z] >>> [apiv2][query] GET https://serviceusage.googleapis.com/v1/projects/emerald-finance-i9k8q/services/runtimeconfig.googleapis.com [none]
[debug] [2025-08-25T18:10:28.891Z] >>> [apiv2][(partial)header] GET https://serviceusage.googleapis.com/v1/projects/emerald-finance-i9k8q/services/runtimeconfig.googleapis.com x-goog-quota-user=projects/emerald-finance-i9k8q
[debug] [2025-08-25T18:10:30.736Z] <<< [apiv2][status] GET https://serviceusage.googleapis.com/v1/projects/emerald-finance-i9k8q/services/runtimeconfig.googleapis.com 200
[debug] [2025-08-25T18:10:30.737Z] <<< [apiv2][body] GET https://serviceusage.googleapis.com/v1/projects/emerald-finance-i9k8q/services/runtimeconfig.googleapis.com [omitted]
[debug] [2025-08-25T18:10:30.770Z] <<< [apiv2][status] GET https://serviceusage.googleapis.com/v1/projects/emerald-finance-i9k8q/services/cloudfunctions.googleapis.com 200
[debug] [2025-08-25T18:10:30.771Z] <<< [apiv2][body] GET https://serviceusage.googleapis.com/v1/projects/emerald-finance-i9k8q/services/cloudfunctions.googleapis.com [omitted]
[debug] [2025-08-25T18:10:30.772Z] Checked if tokens are valid: true, expires at: 1756148959639
[debug] [2025-08-25T18:10:30.772Z] Checked if tokens are valid: true, expires at: 1756148959639
[debug] [2025-08-25T18:10:30.773Z] >>> [apiv2][query] POST https://serviceusage.googleapis.com/v1/projects/emerald-finance-i9k8q/services/cloudfunctions.googleapis.com:enable [none]
[debug] [2025-08-25T18:10:30.774Z] >>> [apiv2][(partial)header] POST https://serviceusage.googleapis.com/v1/projects/emerald-finance-i9k8q/services/cloudfunctions.googleapis.com:enable x-goog-quota-user=projects/emerald-finance-i9k8q
[debug] [2025-08-25T18:10:31.557Z] <<< [apiv2][status] POST https://serviceusage.googleapis.com/v1/projects/emerald-finance-i9k8q/services/cloudfunctions.googleapis.com:enable 200
[debug] [2025-08-25T18:10:31.558Z] <<< [apiv2][body] POST https://serviceusage.googleapis.com/v1/projects/emerald-finance-i9k8q/services/cloudfunctions.googleapis.com:enable [omitted]
[info] Let's create a new codebase for your functions.
[info] A directory corresponding to the codebase will be created in your project
[info] with sample code pre-configured.

[info] See https://firebase.google.com/docs/functions/organize-functions for
[info] more information on organizing your functions using codebases.

[info] Functions can be deployed with firebase deploy.

[info] +  Wrote functions/package.json 
[info] +  Wrote functions/.eslintrc.js 
[info] +  Wrote functions/index.js 
[info] +  Wrote functions/.gitignore 
[info] 
=== Hosting Setup
[debug] [2025-08-25T18:14:04.820Z] Checked if tokens are valid: true, expires at: 1756148959639
[debug] [2025-08-25T18:14:04.821Z] Checked if tokens are valid: true, expires at: 1756148959639
[debug] [2025-08-25T18:14:04.822Z] >>> [apiv2][query] GET https://firebase.googleapis.com/v1beta1/projects/emerald-finance-i9k8q [none]
[debug] [2025-08-25T18:14:05.563Z] <<< [apiv2][status] GET https://firebase.googleapis.com/v1beta1/projects/emerald-finance-i9k8q 200
[debug] [2025-08-25T18:14:05.564Z] <<< [apiv2][body] GET https://firebase.googleapis.com/v1beta1/projects/emerald-finance-i9k8q {"projectId":"emerald-finance-i9k8q","projectNumber":"98300388322","displayName":"Emerald Finance","name":"projects/emerald-finance-i9k8q","resources":{"hostingSite":"emerald-finance-i9k8q"},"state":"ACTIVE","etag":"1_53e79e3a-4d0a-4ed8-9e17-1a37ed91766f"}
[info] 
[info] Your public directory is the folder (relative to your project directory) that
[info] will contain Hosting assets to be uploaded with firebase deploy. If you
[info] have a build process for your assets, use your build's output directory.
[info] 
[info] +  Wrote y/404.html 
[debug] [2025-08-25T18:14:47.261Z] >>> [apiv2][query] GET https://www.gstatic.com/firebasejs/releases.json [none]
[debug] [2025-08-25T18:14:47.729Z] <<< [apiv2][status] GET https://www.gstatic.com/firebasejs/releases.json 200
[debug] [2025-08-25T18:14:47.730Z] <<< [apiv2][body] GET https://www.gstatic.com/firebasejs/releases.json {"current":{"version":"12.1.0","browserURL":"https://www.gstatic.com/firebasejs/12.1.0/firebase.js","packageURL":"https://www.gstatic.com/firebasejs/12.1.0/firebase.tgz"},"live":{"version":"12.1","browserURL":"https://www.gstatic.com/firebasejs/live/12.1/firebase.js","packageURL":"https://www.gstatic.com/firebasejs/live/12.1/firebase.tgz"},"components":{"ai":"https://www.gstatic.com/firebasejs/12.1.0/firebase-ai.js","analytics":"https://www.gstatic.com/firebasejs/12.1.0/firebase-analytics.js","app":"https://www.gstatic.com/firebasejs/12.1.0/firebase-app.js","app-check":"https://www.gstatic.com/firebasejs/12.1.0/firebase-app-check.js","auth":"https://www.gstatic.com/firebasejs/12.1.0/firebase-auth.js","auth/cordova":"https://www.gstatic.com/firebasejs/12.1.0/firebase-auth/cordova.js","auth/web-extension":"https://www.gstatic.com/firebasejs/12.1.0/firebase-auth/web-extension.js","functions":"https://www.gstatic.com/firebasejs/12.1.0/firebase-functions.js","firestore":"https://www.gstatic.com/firebasejs/12.1.0/firebase-firestore.js","firestore/lite":"https://www.gstatic.com/firebasejs/12.1.0/firebase-firestore/lite.js","installations":"https://www.gstatic.com/firebasejs/12.1.0/firebase-installations.js","storage":"https://www.gstatic.com/firebasejs/12.1.0/firebase-storage.js","performance":"https://www.gstatic.com/firebasejs/12.1.0/firebase-performance.js","remote-config":"https://www.gstatic.com/firebasejs/12.1.0/firebase-remote-config.js","messaging":"https://www.gstatic.com/firebasejs/12.1.0/firebase-messaging.js","messaging/sw":"https://www.gstatic.com/firebasejs/12.1.0/firebase-messaging/sw.js","database":"https://www.gstatic.com/firebasejs/12.1.0/firebase-database.js","data-connect":"https://www.gstatic.com/firebasejs/12.1.0/firebase-data-connect.js","firestore.memory":"https://www.gstatic.com/firebasejs/12.1.0/firebase-firestore.memory.js"}}
[info] +  Wrote y/index.html 
[info] 
[info] i  Didn't detect a .git folder. Assuming C:\Users\cedri\Downloads\app is the project root. 
[info] i  Authorizing with GitHub to upload your service account to a GitHub repository's secrets store. 
[info] 
[info] Visit this URL on this device to log in:
[info] https://github.com/login/oauth/authorize?client_id=89cf50f02ac6aaed3484&state=809869819&redirect_uri=http%3A%2F%2Flocalhost%3A9005&scope=read%3Auser%20repo%20public_repo
[info] 
[info] Waiting for authentication...
[debug] [2025-08-25T18:15:01.372Z] >>> [apiv2][query] POST https://github.com/login/oauth/access_token [none]
[debug] [2025-08-25T18:15:01.373Z] >>> [apiv2][body] POST https://github.com/login/oauth/access_token [stream]
[debug] [2025-08-25T18:15:01.872Z] <<< [apiv2][status] POST https://github.com/login/oauth/access_token 200
[debug] [2025-08-25T18:15:01.873Z] <<< [apiv2][body] POST https://github.com/login/oauth/access_token {"access_token":"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","token_type":"bearer","scope":"read:user,repo"}
[debug] [2025-08-25T18:15:01.895Z] >>> [apiv2][query] GET https://api.github.com/user [none]
[debug] [2025-08-25T18:15:02.438Z] <<< [apiv2][status] GET https://api.github.com/user 200
[debug] [2025-08-25T18:15:02.439Z] <<< [apiv2][body] GET https://api.github.com/user {"login":"Thejoker0071","id":216791523,"node_id":"U_kgDODOv54w","avatar_url":"https://avatars.githubusercontent.com/u/216791523?v=4","gravatar_id":"","url":"https://api.github.com/users/Thejoker0071","html_url":"https://github.com/Thejoker0071","followers_url":"https://api.github.com/users/Thejoker0071/followers","following_url":"https://api.github.com/users/Thejoker0071/following{/other_user}","gists_url":"https://api.github.com/users/Thejoker0071/gists{/gist_id}","starred_url":"https://api.github.com/users/Thejoker0071/starred{/owner}{/repo}","subscriptions_url":"https://api.github.com/users/Thejoker0071/subscriptions","organizations_url":"https://api.github.com/users/Thejoker0071/orgs","repos_url":"https://api.github.com/users/Thejoker0071/repos","events_url":"https://api.github.com/users/Thejoker0071/events{/privacy}","received_events_url":"https://api.github.com/users/Thejoker0071/received_events","type":"User","user_view_type":"private","site_admin":false,"name":null,"company":null,"blog":"","location":null,"email":null,"hireable":null,"bio":null,"twitter_username":null,"notification_email":null,"public_repos":0,"public_gists":0,"followers":0,"following":0,"created_at":"2025-06-17T22:29:56Z","updated_at":"2025-06-17T22:30:30Z","private_gists":0,"total_private_repos":0,"owned_private_repos":0,"disk_usage":0,"collaborators":0,"two_factor_authentication":false,"plan":{"name":"free","space":976562499,"collaborators":0,"private_repos":10000}}
[info] 
[info] +  Success! Logged into GitHub as Thejoker0071 
[info] 
[debug] [2025-08-25T18:15:29.887Z] >>> [apiv2][query] GET https://api.github.com/repos/y/actions/secrets/public-key type=owner
[debug] [2025-08-25T18:15:30.258Z] <<< [apiv2][status] GET https://api.github.com/repos/y/actions/secrets/public-key 404
[debug] [2025-08-25T18:15:30.259Z] <<< [apiv2][body] GET https://api.github.com/repos/y/actions/secrets/public-key {"message":"Not Found","documentation_url":"https://docs.github.com/rest","status":"404"}
[info] 
[info] 
[error] !  The provided authorization cannot be used with this repository. If this repository is in an organization, did you remember to grant access? 
[info] 
[info] i  Action required: Visit this URL to ensure access has been granted to the appropriate organization(s) for the Firebase CLI GitHub OAuth App: 
[info] https://github.com/settings/connections/applications/89cf50f02ac6aaed3484
[info] 
[debug] [2025-08-25T18:15:59.074Z] >>> [apiv2][query] GET https://api.github.com/repos/cedric/app/actions/secrets/public-key type=owner
[debug] [2025-08-25T18:15:59.498Z] <<< [apiv2][status] GET https://api.github.com/repos/cedric/app/actions/secrets/public-key 404
[debug] [2025-08-25T18:15:59.498Z] <<< [apiv2][body] GET https://api.github.com/repos/cedric/app/actions/secrets/public-key {"message":"Not Found","documentation_url":"https://docs.github.com/rest/actions/secrets#get-a-repository-public-key","status":"404"}
[info] 
[info] 
[error] !  The provided authorization cannot be used with this repository. If this repository is in an organization, did you remember to grant access? 
[info] 
[info] i  Action required: Visit this URL to ensure access has been granted to the appropriate organization(s) for the Firebase CLI GitHub OAuth App: 
[info] https://github.com/settings/connections/applications/89cf50f02ac6aaed3484
[info] 
[debug] [2025-08-25T18:16:05.036Z] >>> [apiv2][query] GET https://api.github.com/repos/cedric/actions/secrets/public-key type=owner
[debug] [2025-08-25T18:16:05.358Z] <<< [apiv2][status] GET https://api.github.com/repos/cedric/actions/secrets/public-key 404
[debug] [2025-08-25T18:16:05.359Z] <<< [apiv2][body] GET https://api.github.com/repos/cedric/actions/secrets/public-key {"message":"Not Found","documentation_url":"https://docs.github.com/rest","status":"404"}
[info] 
[info] 
[error] !  The provided authorization cannot be used with this repository. If this repository is in an organization, did you remember to grant access? 
[info] 
[info] i  Action required: Visit this URL to ensure access has been granted to the appropriate organization(s) for the Firebase CLI GitHub OAuth App: 
[info] https://github.com/settings/connections/applications/89cf50f02ac6aaed3484
[info] 
[debug] [2025-08-25T18:39:47.887Z] >>> [apiv2][query] GET https://api.github.com/repos/firebase deploy --only hosting/actions/secrets/public-key type=owner
[debug] [2025-08-25T18:39:49.274Z] <<< [apiv2][status] GET https://api.github.com/repos/firebase deploy --only hosting/actions/secrets/public-key 404
[debug] [2025-08-25T18:39:49.275Z] <<< [apiv2][body] GET https://api.github.com/repos/firebase deploy --only hosting/actions/secrets/public-key {"message":"Not Found","documentation_url":"https://docs.github.com/rest","status":"404"}
[info] 
[info] 
[error] !  The provided authorization cannot be used with this repository. If this repository is in an organization, did you remember to grant access? 
[info] 
[info] i  Action required: Visit this URL to ensure access has been granted to the appropriate organization(s) for the Firebase CLI GitHub OAuth App: 
[info] https://github.com/settings/connections/applications/89cf50f02ac6aaed3484
[info] 
[debug] [2025-08-25T18:42:08.932Z] >>> [apiv2][query] GET https://api.github.com/repos/firebase deploy --only hostingThejoker0071//actions/secrets/public-key type=owner
[debug] [2025-08-25T18:42:09.255Z] <<< [apiv2][status] GET https://api.github.com/repos/firebase deploy --only hostingThejoker0071//actions/secrets/public-key 404
[debug] [2025-08-25T18:42:09.256Z] <<< [apiv2][body] GET https://api.github.com/repos/firebase deploy --only hostingThejoker0071//actions/secrets/public-key {"message":"Not Found","documentation_url":"https://docs.github.com/rest","status":"404"}
[info] 
[info] 
[error] !  The provided authorization cannot be used with this repository. If this repository is in an organization, did you remember to grant access? 
[info] 
[info] i  Action required: Visit this URL to ensure access has been granted to the appropriate organization(s) for the Firebase CLI GitHub OAuth App: 
[info] https://github.com/settings/connections/applications/89cf50f02ac6aaed3484
[info] 
[debug] [2025-08-25T18:42:09.403Z] >>> [apiv2][query] GET https://api.github.com/repos/firebase deploy --only hostingThejoker0071//actions/secrets/public-key type=owner
[debug] [2025-08-25T18:42:09.717Z] <<< [apiv2][status] GET https://api.github.com/repos/firebase deploy --only hostingThejoker0071//actions/secrets/public-key 404
[debug] [2025-08-25T18:42:09.718Z] <<< [apiv2][body] GET https://api.github.com/repos/firebase deploy --only hostingThejoker0071//actions/secrets/public-key {"message":"Not Found","documentation_url":"https://docs.github.com/rest","status":"404"}
[info] 
[info] 
[error] !  The provided authorization cannot be used with this repository. If this repository is in an organization, did you remember to grant access? 
[info] 
[info] i  Action required: Visit this URL to ensure access has been granted to the appropriate organization(s) for the Firebase CLI GitHub OAuth App: 
[info] https://github.com/settings/connections/applications/89cf50f02ac6aaed3484
[info] 
[debug] [2025-08-25T18:43:09.174Z] >>> [apiv2][query] GET https://api.github.com/repos/Thejoker0071/emerald-finance/actions/secrets/public-key type=owner
[debug] [2025-08-25T18:43:09.836Z] <<< [apiv2][status] GET https://api.github.com/repos/Thejoker0071/emerald-finance/actions/secrets/public-key 404
[debug] [2025-08-25T18:43:09.836Z] <<< [apiv2][body] GET https://api.github.com/repos/Thejoker0071/emerald-finance/actions/secrets/public-key {"message":"Not Found","documentation_url":"https://docs.github.com/rest/actions/secrets#get-a-repository-public-key","status":"404"}
[info] 
[info] 
[error] !  The provided authorization cannot be used with this repository. If this repository is in an organization, did you remember to grant access? 
[info] 
[info] i  Action required: Visit this URL to ensure access has been granted to the appropriate organization(s) for the Firebase CLI GitHub OAuth App: 
[info] https://github.com/settings/connections/applications/89cf50f02ac6aaed3484
[info] 
